<?xml version="1.0" encoding="UTF-8"?>
<testng-results skipped="0" failed="0" total="1" passed="1">
  <reporter-output>
  </reporter-output>
  <suite name="Default suite" duration-ms="31540" started-at="2019-10-20T20:29:15Z" finished-at="2019-10-20T20:29:47Z">
    <groups>
      <group name="cucumber">
        <method signature="AbstractTestNGCucumberTests.feature(cucumber.api.testng.CucumberFeatureWrapper)[pri:0, instance:com.testrunner.TestRunner@685cb137]" name="feature" class="cucumber.api.testng.AbstractTestNGCucumberTests"/>
      </group> <!-- cucumber -->
    </groups>
    <test name="Default test" duration-ms="31540" started-at="2019-10-20T20:29:15Z" finished-at="2019-10-20T20:29:47Z">
      <class name="com.testrunner.TestRunner">
        <test-method status="PASS" signature="setUpClass()[pri:0, instance:com.testrunner.TestRunner@685cb137]" name="setUpClass" is-config="true" duration-ms="175" started-at="2019-10-20T16:29:15Z" finished-at="2019-10-20T16:29:16Z">
          <reporter-output>
          </reporter-output>
        </test-method> <!-- setUpClass -->
        <test-method status="PASS" signature="feature(cucumber.api.testng.CucumberFeatureWrapper)[pri:0, instance:com.testrunner.TestRunner@685cb137]" name="feature" duration-ms="31072" started-at="2019-10-20T16:29:16Z" description="Runs Cucumber Feature" data-provider="features" finished-at="2019-10-20T16:29:47Z">
          <params>
            <param index="0">
              <value>
                <![CDATA[osCommerce Signup features testing]]>
              </value>
            </param>
          </params>
          <reporter-output>
          </reporter-output>
        </test-method> <!-- feature -->
        <test-method status="PASS" signature="tearDownClass()[pri:0, instance:com.testrunner.TestRunner@685cb137]" name="tearDownClass" is-config="true" duration-ms="226" started-at="2019-10-20T16:29:47Z" finished-at="2019-10-20T16:29:47Z">
          <reporter-output>
          </reporter-output>
        </test-method> <!-- tearDownClass -->
      </class> <!-- com.testrunner.TestRunner -->
    </test> <!-- Default test -->
  </suite> <!-- Default suite -->
</testng-results>
